Script started on Fri 28 Oct 2016 02:20:15 PM MDT
]0;adam.berlak@csa3:~[adam.berlak@csa3 ~]$ nano assign3asave.s[4Pgdb output3.out
GNU gdb (GDB) Fedora 7.11.1-86.fc24
Copyright (C) 2016 Free Software Foundation, Inc.
License GPLv3+: GNU GPL version 3 or later <http://gnu.org/licenses/gpl.html>
This is free software: you are free to change and redistribute it.
There is NO WARRANTY, to the extent permitted by law.  Type "show copying"
and "show warranty" for details.
This GDB was configured as "aarch64-redhat-linux-gnu".
Type "show configuration" for configuration details.
For bug reporting instructions, please see:
<http://www.gnu.org/software/gdb/bugs/>.
Find the GDB manual and other documentation resources online at:
<http://www.gnu.org/software/gdb/documentation/>.
For help, type "help".
Type "apropos word" to search for commands related to "word"...
Reading symbols from output3.out...(no debugging symbols found)...done.
(gdb) break start1
Breakpoint 1 at 0x400620
(gdb) run
Starting program: /home/ugc/adam.berlak/output3.out 

Breakpoint 1, 0x0000000000400620 in start1 ()
(gdb) display/i $pc
1: x/i $pc
=> 0x400620 <start1>:	bl	0x400480 <rand@plt>
(gdb) ni
0x0000000000400624 in start1 ()
1: x/i $pc
=> 0x400624 <start1+4>:	mov	w23, w0
(gdb) ni
0x0000000000400628 in start1 ()
1: x/i $pc
=> 0x400628 <start1+8>:	and	w23, w23, #0xff
(gdb) ni
0x000000000040062c in start1 ()
1: x/i $pc
=> 0x40062c <start1+12>:	add	x21, x29, #0x18
(gdb) print $x23[K[K[Kw23
$1 = 103
(gdb) ni
0x0000000000400630 in start1 ()
1: x/i $pc
=> 0x400630 <start1+16>:	ldr	w19, [x29,#16]
(gdb) ni
0x0000000000400634 in start1 ()
1: x/i $pc
=> 0x400634 <start1+20>:	str	w23, [x21,w19,sxtw #2]
(gdb) ni
0x0000000000400638 in start1 ()
1: x/i $pc
=> 0x400638 <start1+24>:	adrp	x0, 0x400000
(gdb) x/i $x29 + 24
   0x3fffffff378:	.inst	0x00000067 ; undefined
(gdb) x/i $x29 + 24[K[K16
   0x3fffffff370:	.inst	0x00000000 ; undefined
(gdb) coni[Ktinue
Continuing.
v[0]: 103

Breakpoint 1, 0x0000000000400620 in start1 ()
1: x/i $pc
=> 0x400620 <start1>:	bl	0x400480 <rand@plt>
(gdb) continue[C[C[C[C[C[Cx/i $x29 + 16
   0x3fffffff370:	.inst	0x00000001 ; undefined
(gdb) ni
0x0000000000400624 in start1 ()
1: x/i $pc
=> 0x400624 <start1+4>:	mov	w23, w0
(gdb) ni
0x0000000000400628 in start1 ()
1: x/i $pc
=> 0x400628 <start1+8>:	and	w23, w23, #0xff
(gdb) ni
0x000000000040062c in start1 ()
1: x/i $pc
=> 0x40062c <start1+12>:	add	x21, x29, #0x18
(gdb) ni
0x0000000000400630 in start1 ()
1: x/i $pc
=> 0x400630 <start1+16>:	ldr	w19, [x29,#16]
(gdb) ni
0x0000000000400634 in start1 ()
1: x/i $pc
=> 0x400634 <start1+20>:	str	w23, [x21,w19,sxtw #2]
(gdb) ni
0x0000000000400638 in start1 ()
1: x/i $pc
=> 0x400638 <start1+24>:	adrp	x0, 0x400000
(gdb) ni[K[Kx/i $x29 + 1[K24
   0x3fffffff378:	.inst	0x00000067 ; undefined
(gdb) x/i $x29 + 24[K8
   0x3fffffff37c:	.inst	0x000000c6 ; undefined
(gdb) x/i $x29 + 28[K[K32
   0x3fffffff380:	.inst	0x00000000 ; undefined
(gdb) continue
Continuing.
v[1]: 198

Breakpoint 1, 0x0000000000400620 in start1 ()
1: x/i $pc
=> 0x400620 <start1>:	bl	0x400480 <rand@plt>
(gdb) ni
0x0000000000400624 in start1 ()
1: x/i $pc
=> 0x400624 <start1+4>:	mov	w23, w0
(gdb) ni
0x0000000000400628 in start1 ()
1: x/i $pc
=> 0x400628 <start1+8>:	and	w23, w23, #0xff
(gdb) ni
0x000000000040062c in start1 ()
1: x/i $pc
=> 0x40062c <start1+12>:	add	x21, x29, #0x18
(gdb) ni
0x0000000000400630 in start1 ()
1: x/i $pc
=> 0x400630 <start1+16>:	ldr	w19, [x29,#16]
(gdb) ni
0x0000000000400634 in start1 ()
1: x/i $pc
=> 0x400634 <start1+20>:	str	w23, [x21,w19,sxtw #2]
(gdb) ni
0x0000000000400638 in start1 ()
1: x/i $pc
=> 0x400638 <start1+24>:	adrp	x0, 0x400000
(gdb) ni[K[Kx/i $x9[K29 + 32
   0x3fffffff380:	.inst	0x00000069 ; undefined
(gdb) x/i $x29 + 32[K[K16
   0x3fffffff370:	.inst	0x00000002 ; undefined
(gdb) delete break
Delete all breakpoints? (y or n) y
(gdb) continue
Continuing.
v[2]: 105
v[3]: 115
v[4]: 81
v[5]: 255
v[6]: 74
v[7]: 236
v[8]: 41
v[9]: 205
v[10]: 186
v[11]: 171
v[12]: 242
v[13]: 251
v[14]: 227
v[15]: 70
v[16]: 124
v[17]: 194
v[18]: 84
v[19]: 248
v[20]: 27
v[21]: 232
v[22]: 231
v[23]: 141
v[24]: 118
v[25]: 90
v[26]: 46
v[27]: 99
v[28]: 51
v[29]: 159
v[30]: 201
v[31]: 154
v[32]: 102
v[33]: 50
v[34]: 13
v[35]: 183
v[36]: 49
v[37]: 88
v[38]: 163
v[39]: 90
v[0]: 255
v[1]: 251
v[2]: 248
v[3]: 242
v[4]: 236
v[5]: 232
v[6]: 231
v[7]: 227
v[8]: 205
v[9]: 201
v[10]: 198
v[11]: 194
v[12]: 186
v[13]: 183
v[14]: 171
v[15]: 163
v[16]: 159
v[17]: 154
v[18]: 141
v[19]: 124
v[20]: 118
v[21]: 115
v[22]: 105
v[23]: 103
v[24]: 102
v[25]: 99
v[26]: 90
v[27]: 90
v[28]: 88
v[29]: 84
v[30]: 81
v[31]: 74
v[32]: 70
v[33]: 51
v[34]: 50
v[35]: 49
v[36]: 46
v[37]: 41
v[38]: 27
v[39]: 13
[Inferior 1 (process 9410) exited with code 012]
(gdb) quit
]0;adam.berlak@csa3:~[adam.berlak@csa3 ~]$ gdb output3.out[K[K[K[K[K[K[K[K[K[K[K[K[K[K[Kexit
exit

Script done on Fri 28 Oct 2016 02:25:01 PM MDT
